22:20:12 **** Incremental Build of configuration Debug for project SDatProj1 ****
make all 
Building file: ../src/SDatProj1.c
Invoking: GCC C Compiler
gcc -O0 -g3 -Wall -c -fmessage-length=0 -MMD -MP -MF"src/SDatProj1.d" -MT"src/SDatProj1.o" -o "src/SDatProj1.o" "../src/SDatProj1.c"
../src/SDatProj1.c: In function ‘main’:
../src/SDatProj1.c:16:5: warning: implicit declaration of function ‘pedirCalcularProm’ [-Wimplicit-function-declaration]
  if(pedirCalcularProm(&fProm)==0){
     ^~~~~~~~~~~~~~~~~
../src/SDatProj1.c:17:27: warning: format ‘%d’ expects argument of type ‘int’, but argument 2 has type ‘double’ [-Wformat=]
   printf("el promedio da %d \n",fProm);
                           ^
../src/SDatProj1.c: In function ‘pedirCalcularProm’:
../src/SDatProj1.c:36:31: warning: format ‘%d’ expects argument of type ‘int’, but argument 2 has type ‘double’ [-Wformat=]
  printf("el valor prom antes %d \n", *prom);
                               ^
../src/SDatProj1.c:38:33: warning: format ‘%d’ expects argument of type ‘int’, but argument 2 has type ‘double’ [-Wformat=]
  printf("el valor prom despues %d \n", *prom);
                                 ^
Finished building: ../src/SDatProj1.c
 
Building target: SDatProj1
Invoking: GCC C Linker
gcc  -o "SDatProj1"  ./src/SDatProj1.o   
Finished building target: SDatProj1
 
